13-Apr-2020 11:46:18.722 INFO [main] org.apache.catalina.startup.VersionLoggerListener.log Server version:        Apache Tomcat/8.0.27
13-Apr-2020 11:46:18.724 INFO [main] org.apache.catalina.startup.VersionLoggerListener.log Server built:          Sep 28 2015 08:17:25 UTC
13-Apr-2020 11:46:18.724 INFO [main] org.apache.catalina.startup.VersionLoggerListener.log Server number:         8.0.27.0
13-Apr-2020 11:46:18.724 INFO [main] org.apache.catalina.startup.VersionLoggerListener.log OS Name:               Windows 10
13-Apr-2020 11:46:18.724 INFO [main] org.apache.catalina.startup.VersionLoggerListener.log OS Version:            10.0
13-Apr-2020 11:46:18.725 INFO [main] org.apache.catalina.startup.VersionLoggerListener.log Architecture:          amd64
13-Apr-2020 11:46:18.725 INFO [main] org.apache.catalina.startup.VersionLoggerListener.log Java Home:             C:\Program Files\Java\jdk1.8.0_241\jre
13-Apr-2020 11:46:18.725 INFO [main] org.apache.catalina.startup.VersionLoggerListener.log JVM Version:           1.8.0_241-b07
13-Apr-2020 11:46:18.725 INFO [main] org.apache.catalina.startup.VersionLoggerListener.log JVM Vendor:            Oracle Corporation
13-Apr-2020 11:46:18.725 INFO [main] org.apache.catalina.startup.VersionLoggerListener.log CATALINA_BASE:         D:\PSUSP20\DnDWebServices\ServiceProject\Tomcat
13-Apr-2020 11:46:18.726 INFO [main] org.apache.catalina.startup.VersionLoggerListener.log CATALINA_HOME:         D:\PSUSP20\DnDWebServices\ServiceProject\Tomcat
13-Apr-2020 11:46:18.726 INFO [main] org.apache.catalina.startup.VersionLoggerListener.log Command line argument: -Djava.util.logging.config.file=D:\PSUSP20\DnDWebServices\ServiceProject\Tomcat\conf\logging.properties
13-Apr-2020 11:46:18.726 INFO [main] org.apache.catalina.startup.VersionLoggerListener.log Command line argument: -Djava.util.logging.manager=org.apache.juli.ClassLoaderLogManager
13-Apr-2020 11:46:18.726 INFO [main] org.apache.catalina.startup.VersionLoggerListener.log Command line argument: -Djava.endorsed.dirs=D:\PSUSP20\DnDWebServices\ServiceProject\Tomcat\endorsed
13-Apr-2020 11:46:18.726 INFO [main] org.apache.catalina.startup.VersionLoggerListener.log Command line argument: -Dcatalina.base=D:\PSUSP20\DnDWebServices\ServiceProject\Tomcat
13-Apr-2020 11:46:18.727 INFO [main] org.apache.catalina.startup.VersionLoggerListener.log Command line argument: -Dcatalina.home=D:\PSUSP20\DnDWebServices\ServiceProject\Tomcat
13-Apr-2020 11:46:18.727 INFO [main] org.apache.catalina.startup.VersionLoggerListener.log Command line argument: -Djava.io.tmpdir=D:\PSUSP20\DnDWebServices\ServiceProject\Tomcat\temp
13-Apr-2020 11:46:18.727 INFO [main] org.apache.catalina.core.AprLifecycleListener.lifecycleEvent The APR based Apache Tomcat Native library which allows optimal performance in production environments was not found on the java.library.path: C:\Program Files\Java\jdk1.8.0_241\bin;C:\WINDOWS\Sun\Java\bin;C:\WINDOWS\system32;C:\WINDOWS;C:\Program Files (x86)\Common Files\Intel\Shared Libraries\redist\intel64\compiler;C:\Program Files (x86)\Intel\iCLS Client\;C:\Program Files\Intel\iCLS Client\;C:\windows\system32;C:\windows;C:\windows\System32\Wbem;C:\windows\System32\WindowsPowerShell\v1.0\;C:\Program Files (x86)\Intel\Intel(R) Management Engine Components\DAL;C:\Program Files\Intel\Intel(R) Management Engine Components\DAL;C:\Program Files (x86)\Intel\Intel(R) Management Engine Components\IPT;C:\Program Files\Intel\Intel(R) Management Engine Components\IPT;C:\WINDOWS\system32;C:\WINDOWS;C:\WINDOWS\System32\Wbem;C:\WINDOWS\System32\WindowsPowerShell\v1.0\;C:\Program Files\Microsoft SQL Server\Client SDK\ODBC\130\Tools\Binn\;C:\Program Files\dotnet\;C:\WINDOWS\System32\OpenSSH\;C:\Program Files (x86)\NVIDIA Corporation\PhysX\Common;C:\Program Files\NVIDIA Corporation\NVIDIA NvDLISR;D:\NodeJS\;C:\ProgramData\chocolatey\bin;C:\Program Files\Microsoft SQL Server\Client SDK\ODBC\170\Tools\Binn\;C:\WINDOWS\system32;C:\WINDOWS;C:\WINDOWS\System32\Wbem;C:\WINDOWS\System32\WindowsPowerShell\v1.0\;C:\WINDOWS\System32\OpenSSH\;C:\Program Files (x86)\Microsoft SQL Server\140\Tools\Binn\;C:\Program Files\Microsoft SQL Server\140\Tools\Binn\;C:\Program Files\Microsoft SQL Server\140\DTS\Binn\;C:\Program Files (x86)\Microsoft SQL Server\150\DTS\Binn\;C:\Program Files (x86)\Microsoft SQL Server Migration Assistant for Access\bin\;C:\Program Files\MySQL;C:\Program Files\MySQL\MySQL Shell 8.0\bin;C:\Program Files\MySQL\MySQL Server 8.0\bin;C:\Program Files\cmder_mini;D:\Git;C:\Program Files\Git\cmd;C:\Program Files\Notepad++;C:\Program Files\Microsoft SQL Server\130\Tools\Binn\;C:\Program Files\Java\jdk1.8.0_241\bin;C:\Program Files\SeleniumChromeDriver;C:\Program Files (x86)\dotnet\;C:\Program Files\MySQL\MySQL Shell 8.0\bin\;C:\Users\larry\AppData\Local\Programs\Python\Python38\Scripts\;C:\Users\larry\AppData\Local\Programs\Python\Python38\;C:\Users\larry\AppData\Local\Microsoft\WindowsApps;D:\cygwin64\bin;C:\Users\larry\AppData\Roaming\npm;D:\Microsoft VS Code\bin;C:\Users\larry\AppData\Local\Microsoft\WindowsApps;C:\Users\larry\.dotnet\tools;.
13-Apr-2020 11:46:18.835 INFO [main] org.apache.coyote.AbstractProtocol.init Initializing ProtocolHandler ["http-nio-8080"]
13-Apr-2020 11:46:19.103 INFO [main] org.apache.tomcat.util.net.NioSelectorPool.getSharedSelector Using a shared selector for servlet write/read
13-Apr-2020 11:46:19.105 INFO [main] org.apache.coyote.AbstractProtocol.init Initializing ProtocolHandler ["ajp-nio-8009"]
13-Apr-2020 11:46:19.108 INFO [main] org.apache.tomcat.util.net.NioSelectorPool.getSharedSelector Using a shared selector for servlet write/read
13-Apr-2020 11:46:19.108 INFO [main] org.apache.catalina.startup.Catalina.load Initialization processed in 709 ms
13-Apr-2020 11:46:19.129 INFO [main] org.apache.catalina.core.StandardService.startInternal Starting service Catalina
13-Apr-2020 11:46:19.129 INFO [main] org.apache.catalina.core.StandardEngine.startInternal Starting Servlet Engine: Apache Tomcat/8.0.27
13-Apr-2020 11:46:19.150 INFO [localhost-startStop-1] org.apache.catalina.startup.HostConfig.deployWAR Deploying web application archive D:\PSUSP20\DnDWebServices\ServiceProject\Tomcat\webapps\diceRoller.war
13-Apr-2020 11:46:19.395 INFO [localhost-startStop-1] org.apache.catalina.startup.HostConfig.deployWAR Deployment of web application archive D:\PSUSP20\DnDWebServices\ServiceProject\Tomcat\webapps\diceRoller.war has finished in 245 ms
13-Apr-2020 11:46:19.397 INFO [localhost-startStop-1] org.apache.catalina.startup.HostConfig.deployDirectory Deploying web application directory D:\PSUSP20\DnDWebServices\ServiceProject\Tomcat\webapps\docs
13-Apr-2020 11:46:19.416 INFO [localhost-startStop-1] org.apache.catalina.startup.HostConfig.deployDirectory Deployment of web application directory D:\PSUSP20\DnDWebServices\ServiceProject\Tomcat\webapps\docs has finished in 20 ms
13-Apr-2020 11:46:19.416 INFO [localhost-startStop-1] org.apache.catalina.startup.HostConfig.deployDirectory Deploying web application directory D:\PSUSP20\DnDWebServices\ServiceProject\Tomcat\webapps\examples
13-Apr-2020 11:46:19.978 INFO [localhost-startStop-1] org.apache.catalina.startup.HostConfig.deployDirectory Deployment of web application directory D:\PSUSP20\DnDWebServices\ServiceProject\Tomcat\webapps\examples has finished in 562 ms
13-Apr-2020 11:46:19.978 INFO [localhost-startStop-1] org.apache.catalina.startup.HostConfig.deployDirectory Deploying web application directory D:\PSUSP20\DnDWebServices\ServiceProject\Tomcat\webapps\host-manager
13-Apr-2020 11:46:20.006 INFO [localhost-startStop-1] org.apache.catalina.startup.HostConfig.deployDirectory Deployment of web application directory D:\PSUSP20\DnDWebServices\ServiceProject\Tomcat\webapps\host-manager has finished in 28 ms
13-Apr-2020 11:46:20.007 INFO [localhost-startStop-1] org.apache.catalina.startup.HostConfig.deployDirectory Deploying web application directory D:\PSUSP20\DnDWebServices\ServiceProject\Tomcat\webapps\manager
13-Apr-2020 11:46:20.038 INFO [localhost-startStop-1] org.apache.catalina.startup.HostConfig.deployDirectory Deployment of web application directory D:\PSUSP20\DnDWebServices\ServiceProject\Tomcat\webapps\manager has finished in 31 ms
13-Apr-2020 11:46:20.039 INFO [localhost-startStop-1] org.apache.catalina.startup.HostConfig.deployDirectory Deploying web application directory D:\PSUSP20\DnDWebServices\ServiceProject\Tomcat\webapps\ROOT
13-Apr-2020 11:46:20.059 INFO [localhost-startStop-1] org.apache.catalina.startup.HostConfig.deployDirectory Deployment of web application directory D:\PSUSP20\DnDWebServices\ServiceProject\Tomcat\webapps\ROOT has finished in 20 ms
13-Apr-2020 11:46:20.063 INFO [main] org.apache.coyote.AbstractProtocol.start Starting ProtocolHandler ["http-nio-8080"]
13-Apr-2020 11:46:20.068 INFO [main] org.apache.coyote.AbstractProtocol.start Starting ProtocolHandler ["ajp-nio-8009"]
13-Apr-2020 11:46:20.071 INFO [main] org.apache.catalina.startup.Catalina.start Server startup in 962 ms
13-Apr-2020 11:56:59.803 INFO [main] org.apache.catalina.startup.VersionLoggerListener.log Server version:        Apache Tomcat/8.0.27
13-Apr-2020 11:56:59.804 INFO [main] org.apache.catalina.startup.VersionLoggerListener.log Server built:          Sep 28 2015 08:17:25 UTC
13-Apr-2020 11:56:59.805 INFO [main] org.apache.catalina.startup.VersionLoggerListener.log Server number:         8.0.27.0
13-Apr-2020 11:56:59.805 INFO [main] org.apache.catalina.startup.VersionLoggerListener.log OS Name:               Windows 10
13-Apr-2020 11:56:59.805 INFO [main] org.apache.catalina.startup.VersionLoggerListener.log OS Version:            10.0
13-Apr-2020 11:56:59.805 INFO [main] org.apache.catalina.startup.VersionLoggerListener.log Architecture:          amd64
13-Apr-2020 11:56:59.806 INFO [main] org.apache.catalina.startup.VersionLoggerListener.log Java Home:             C:\Program Files\Java\jdk1.8.0_241\jre
13-Apr-2020 11:56:59.806 INFO [main] org.apache.catalina.startup.VersionLoggerListener.log JVM Version:           1.8.0_241-b07
13-Apr-2020 11:56:59.806 INFO [main] org.apache.catalina.startup.VersionLoggerListener.log JVM Vendor:            Oracle Corporation
13-Apr-2020 11:56:59.806 INFO [main] org.apache.catalina.startup.VersionLoggerListener.log CATALINA_BASE:         D:\PSUSP20\DnDWebServices\ServiceProject\Tomcat
13-Apr-2020 11:56:59.806 INFO [main] org.apache.catalina.startup.VersionLoggerListener.log CATALINA_HOME:         D:\PSUSP20\DnDWebServices\ServiceProject\Tomcat
13-Apr-2020 11:56:59.807 INFO [main] org.apache.catalina.startup.VersionLoggerListener.log Command line argument: -Djava.util.logging.config.file=D:\PSUSP20\DnDWebServices\ServiceProject\Tomcat\conf\logging.properties
13-Apr-2020 11:56:59.807 INFO [main] org.apache.catalina.startup.VersionLoggerListener.log Command line argument: -Djava.util.logging.manager=org.apache.juli.ClassLoaderLogManager
13-Apr-2020 11:56:59.807 INFO [main] org.apache.catalina.startup.VersionLoggerListener.log Command line argument: -Djava.endorsed.dirs=D:\PSUSP20\DnDWebServices\ServiceProject\Tomcat\endorsed
13-Apr-2020 11:56:59.807 INFO [main] org.apache.catalina.startup.VersionLoggerListener.log Command line argument: -Dcatalina.base=D:\PSUSP20\DnDWebServices\ServiceProject\Tomcat
13-Apr-2020 11:56:59.807 INFO [main] org.apache.catalina.startup.VersionLoggerListener.log Command line argument: -Dcatalina.home=D:\PSUSP20\DnDWebServices\ServiceProject\Tomcat
13-Apr-2020 11:56:59.808 INFO [main] org.apache.catalina.startup.VersionLoggerListener.log Command line argument: -Djava.io.tmpdir=D:\PSUSP20\DnDWebServices\ServiceProject\Tomcat\temp
13-Apr-2020 11:56:59.809 INFO [main] org.apache.catalina.core.AprLifecycleListener.lifecycleEvent The APR based Apache Tomcat Native library which allows optimal performance in production environments was not found on the java.library.path: C:\Program Files\Java\jdk1.8.0_241\bin;C:\WINDOWS\Sun\Java\bin;C:\WINDOWS\system32;C:\WINDOWS;C:\Program Files (x86)\Common Files\Intel\Shared Libraries\redist\intel64\compiler;C:\Program Files (x86)\Intel\iCLS Client\;C:\Program Files\Intel\iCLS Client\;C:\windows\system32;C:\windows;C:\windows\System32\Wbem;C:\windows\System32\WindowsPowerShell\v1.0\;C:\Program Files (x86)\Intel\Intel(R) Management Engine Components\DAL;C:\Program Files\Intel\Intel(R) Management Engine Components\DAL;C:\Program Files (x86)\Intel\Intel(R) Management Engine Components\IPT;C:\Program Files\Intel\Intel(R) Management Engine Components\IPT;C:\WINDOWS\system32;C:\WINDOWS;C:\WINDOWS\System32\Wbem;C:\WINDOWS\System32\WindowsPowerShell\v1.0\;C:\Program Files\Microsoft SQL Server\Client SDK\ODBC\130\Tools\Binn\;C:\Program Files\dotnet\;C:\WINDOWS\System32\OpenSSH\;C:\Program Files (x86)\NVIDIA Corporation\PhysX\Common;C:\Program Files\NVIDIA Corporation\NVIDIA NvDLISR;D:\NodeJS\;C:\ProgramData\chocolatey\bin;C:\Program Files\Microsoft SQL Server\Client SDK\ODBC\170\Tools\Binn\;C:\WINDOWS\system32;C:\WINDOWS;C:\WINDOWS\System32\Wbem;C:\WINDOWS\System32\WindowsPowerShell\v1.0\;C:\WINDOWS\System32\OpenSSH\;C:\Program Files (x86)\Microsoft SQL Server\140\Tools\Binn\;C:\Program Files\Microsoft SQL Server\140\Tools\Binn\;C:\Program Files\Microsoft SQL Server\140\DTS\Binn\;C:\Program Files (x86)\Microsoft SQL Server\150\DTS\Binn\;C:\Program Files (x86)\Microsoft SQL Server Migration Assistant for Access\bin\;C:\Program Files\MySQL;C:\Program Files\MySQL\MySQL Shell 8.0\bin;C:\Program Files\MySQL\MySQL Server 8.0\bin;C:\Program Files\cmder_mini;D:\Git;C:\Program Files\Git\cmd;C:\Program Files\Notepad++;C:\Program Files\Microsoft SQL Server\130\Tools\Binn\;C:\Program Files\Java\jdk1.8.0_241\bin;C:\Program Files\SeleniumChromeDriver;C:\Program Files (x86)\dotnet\;C:\Program Files\MySQL\MySQL Shell 8.0\bin\;C:\Users\larry\AppData\Local\Programs\Python\Python38\Scripts\;C:\Users\larry\AppData\Local\Programs\Python\Python38\;C:\Users\larry\AppData\Local\Microsoft\WindowsApps;D:\cygwin64\bin;C:\Users\larry\AppData\Roaming\npm;D:\Microsoft VS Code\bin;C:\Users\larry\AppData\Local\Microsoft\WindowsApps;C:\Users\larry\.dotnet\tools;.
13-Apr-2020 11:56:59.952 INFO [main] org.apache.coyote.AbstractProtocol.init Initializing ProtocolHandler ["http-nio-8080"]
13-Apr-2020 11:57:00.249 INFO [main] org.apache.tomcat.util.net.NioSelectorPool.getSharedSelector Using a shared selector for servlet write/read
13-Apr-2020 11:57:00.252 INFO [main] org.apache.coyote.AbstractProtocol.init Initializing ProtocolHandler ["ajp-nio-8009"]
13-Apr-2020 11:57:00.254 INFO [main] org.apache.tomcat.util.net.NioSelectorPool.getSharedSelector Using a shared selector for servlet write/read
13-Apr-2020 11:57:00.254 INFO [main] org.apache.catalina.startup.Catalina.load Initialization processed in 852 ms
13-Apr-2020 11:57:00.279 INFO [main] org.apache.catalina.core.StandardService.startInternal Starting service Catalina
13-Apr-2020 11:57:00.279 INFO [main] org.apache.catalina.core.StandardEngine.startInternal Starting Servlet Engine: Apache Tomcat/8.0.27
13-Apr-2020 11:57:00.304 INFO [localhost-startStop-1] org.apache.catalina.startup.HostConfig.deployWAR Deploying web application archive D:\PSUSP20\DnDWebServices\ServiceProject\Tomcat\webapps\diceRoller.war
13-Apr-2020 11:57:00.351 INFO [localhost-startStop-1] org.apache.catalina.startup.ExpandWar.expand An expanded directory [D:\PSUSP20\DnDWebServices\ServiceProject\Tomcat\webapps\diceRoller] was found with a last modified time that did not match the associated WAR. It will be deleted.
13-Apr-2020 11:57:00.599 INFO [localhost-startStop-1] org.apache.catalina.startup.HostConfig.deployWAR Deployment of web application archive D:\PSUSP20\DnDWebServices\ServiceProject\Tomcat\webapps\diceRoller.war has finished in 294 ms
13-Apr-2020 11:57:00.600 INFO [localhost-startStop-1] org.apache.catalina.startup.HostConfig.deployDirectory Deploying web application directory D:\PSUSP20\DnDWebServices\ServiceProject\Tomcat\webapps\docs
13-Apr-2020 11:57:00.627 INFO [localhost-startStop-1] org.apache.catalina.startup.HostConfig.deployDirectory Deployment of web application directory D:\PSUSP20\DnDWebServices\ServiceProject\Tomcat\webapps\docs has finished in 27 ms
13-Apr-2020 11:57:00.628 INFO [localhost-startStop-1] org.apache.catalina.startup.HostConfig.deployDirectory Deploying web application directory D:\PSUSP20\DnDWebServices\ServiceProject\Tomcat\webapps\examples
13-Apr-2020 11:57:01.488 INFO [localhost-startStop-1] org.apache.catalina.startup.HostConfig.deployDirectory Deployment of web application directory D:\PSUSP20\DnDWebServices\ServiceProject\Tomcat\webapps\examples has finished in 860 ms
13-Apr-2020 11:57:01.489 INFO [localhost-startStop-1] org.apache.catalina.startup.HostConfig.deployDirectory Deploying web application directory D:\PSUSP20\DnDWebServices\ServiceProject\Tomcat\webapps\host-manager
13-Apr-2020 11:57:01.528 INFO [localhost-startStop-1] org.apache.catalina.startup.HostConfig.deployDirectory Deployment of web application directory D:\PSUSP20\DnDWebServices\ServiceProject\Tomcat\webapps\host-manager has finished in 39 ms
13-Apr-2020 11:57:01.528 INFO [localhost-startStop-1] org.apache.catalina.startup.HostConfig.deployDirectory Deploying web application directory D:\PSUSP20\DnDWebServices\ServiceProject\Tomcat\webapps\manager
13-Apr-2020 11:57:01.560 INFO [localhost-startStop-1] org.apache.catalina.startup.HostConfig.deployDirectory Deployment of web application directory D:\PSUSP20\DnDWebServices\ServiceProject\Tomcat\webapps\manager has finished in 32 ms
13-Apr-2020 11:57:01.560 INFO [localhost-startStop-1] org.apache.catalina.startup.HostConfig.deployDirectory Deploying web application directory D:\PSUSP20\DnDWebServices\ServiceProject\Tomcat\webapps\ROOT
13-Apr-2020 11:57:01.583 INFO [localhost-startStop-1] org.apache.catalina.startup.HostConfig.deployDirectory Deployment of web application directory D:\PSUSP20\DnDWebServices\ServiceProject\Tomcat\webapps\ROOT has finished in 23 ms
13-Apr-2020 11:57:01.586 INFO [main] org.apache.coyote.AbstractProtocol.start Starting ProtocolHandler ["http-nio-8080"]
13-Apr-2020 11:57:01.593 INFO [main] org.apache.coyote.AbstractProtocol.start Starting ProtocolHandler ["ajp-nio-8009"]
13-Apr-2020 11:57:01.595 INFO [main] org.apache.catalina.startup.Catalina.start Server startup in 1340 ms
13-Apr-2020 11:59:08.908 INFO [main] org.apache.catalina.startup.VersionLoggerListener.log Server version:        Apache Tomcat/8.0.27
13-Apr-2020 11:59:08.909 INFO [main] org.apache.catalina.startup.VersionLoggerListener.log Server built:          Sep 28 2015 08:17:25 UTC
13-Apr-2020 11:59:08.910 INFO [main] org.apache.catalina.startup.VersionLoggerListener.log Server number:         8.0.27.0
13-Apr-2020 11:59:08.910 INFO [main] org.apache.catalina.startup.VersionLoggerListener.log OS Name:               Windows 10
13-Apr-2020 11:59:08.910 INFO [main] org.apache.catalina.startup.VersionLoggerListener.log OS Version:            10.0
13-Apr-2020 11:59:08.910 INFO [main] org.apache.catalina.startup.VersionLoggerListener.log Architecture:          amd64
13-Apr-2020 11:59:08.910 INFO [main] org.apache.catalina.startup.VersionLoggerListener.log Java Home:             C:\Program Files\Java\jdk1.8.0_241\jre
13-Apr-2020 11:59:08.910 INFO [main] org.apache.catalina.startup.VersionLoggerListener.log JVM Version:           1.8.0_241-b07
13-Apr-2020 11:59:08.910 INFO [main] org.apache.catalina.startup.VersionLoggerListener.log JVM Vendor:            Oracle Corporation
13-Apr-2020 11:59:08.910 INFO [main] org.apache.catalina.startup.VersionLoggerListener.log CATALINA_BASE:         D:\PSUSP20\DnDWebServices\ServiceProject\Tomcat
13-Apr-2020 11:59:08.911 INFO [main] org.apache.catalina.startup.VersionLoggerListener.log CATALINA_HOME:         D:\PSUSP20\DnDWebServices\ServiceProject\Tomcat
13-Apr-2020 11:59:08.911 INFO [main] org.apache.catalina.startup.VersionLoggerListener.log Command line argument: -Djava.util.logging.config.file=D:\PSUSP20\DnDWebServices\ServiceProject\Tomcat\conf\logging.properties
13-Apr-2020 11:59:08.911 INFO [main] org.apache.catalina.startup.VersionLoggerListener.log Command line argument: -Djava.util.logging.manager=org.apache.juli.ClassLoaderLogManager
13-Apr-2020 11:59:08.911 INFO [main] org.apache.catalina.startup.VersionLoggerListener.log Command line argument: -Djava.endorsed.dirs=D:\PSUSP20\DnDWebServices\ServiceProject\Tomcat\endorsed
13-Apr-2020 11:59:08.911 INFO [main] org.apache.catalina.startup.VersionLoggerListener.log Command line argument: -Dcatalina.base=D:\PSUSP20\DnDWebServices\ServiceProject\Tomcat
13-Apr-2020 11:59:08.911 INFO [main] org.apache.catalina.startup.VersionLoggerListener.log Command line argument: -Dcatalina.home=D:\PSUSP20\DnDWebServices\ServiceProject\Tomcat
13-Apr-2020 11:59:08.912 INFO [main] org.apache.catalina.startup.VersionLoggerListener.log Command line argument: -Djava.io.tmpdir=D:\PSUSP20\DnDWebServices\ServiceProject\Tomcat\temp
13-Apr-2020 11:59:08.912 INFO [main] org.apache.catalina.core.AprLifecycleListener.lifecycleEvent The APR based Apache Tomcat Native library which allows optimal performance in production environments was not found on the java.library.path: C:\Program Files\Java\jdk1.8.0_241\bin;C:\WINDOWS\Sun\Java\bin;C:\WINDOWS\system32;C:\WINDOWS;C:\Program Files (x86)\Common Files\Intel\Shared Libraries\redist\intel64\compiler;C:\Program Files (x86)\Intel\iCLS Client\;C:\Program Files\Intel\iCLS Client\;C:\windows\system32;C:\windows;C:\windows\System32\Wbem;C:\windows\System32\WindowsPowerShell\v1.0\;C:\Program Files (x86)\Intel\Intel(R) Management Engine Components\DAL;C:\Program Files\Intel\Intel(R) Management Engine Components\DAL;C:\Program Files (x86)\Intel\Intel(R) Management Engine Components\IPT;C:\Program Files\Intel\Intel(R) Management Engine Components\IPT;C:\WINDOWS\system32;C:\WINDOWS;C:\WINDOWS\System32\Wbem;C:\WINDOWS\System32\WindowsPowerShell\v1.0\;C:\Program Files\Microsoft SQL Server\Client SDK\ODBC\130\Tools\Binn\;C:\Program Files\dotnet\;C:\WINDOWS\System32\OpenSSH\;C:\Program Files (x86)\NVIDIA Corporation\PhysX\Common;C:\Program Files\NVIDIA Corporation\NVIDIA NvDLISR;D:\NodeJS\;C:\ProgramData\chocolatey\bin;C:\Program Files\Microsoft SQL Server\Client SDK\ODBC\170\Tools\Binn\;C:\WINDOWS\system32;C:\WINDOWS;C:\WINDOWS\System32\Wbem;C:\WINDOWS\System32\WindowsPowerShell\v1.0\;C:\WINDOWS\System32\OpenSSH\;C:\Program Files (x86)\Microsoft SQL Server\140\Tools\Binn\;C:\Program Files\Microsoft SQL Server\140\Tools\Binn\;C:\Program Files\Microsoft SQL Server\140\DTS\Binn\;C:\Program Files (x86)\Microsoft SQL Server\150\DTS\Binn\;C:\Program Files (x86)\Microsoft SQL Server Migration Assistant for Access\bin\;C:\Program Files\MySQL;C:\Program Files\MySQL\MySQL Shell 8.0\bin;C:\Program Files\MySQL\MySQL Server 8.0\bin;C:\Program Files\cmder_mini;D:\Git;C:\Program Files\Git\cmd;C:\Program Files\Notepad++;C:\Program Files\Microsoft SQL Server\130\Tools\Binn\;C:\Program Files\Java\jdk1.8.0_241\bin;C:\Program Files\SeleniumChromeDriver;C:\Program Files (x86)\dotnet\;C:\Program Files\MySQL\MySQL Shell 8.0\bin\;C:\Users\larry\AppData\Local\Programs\Python\Python38\Scripts\;C:\Users\larry\AppData\Local\Programs\Python\Python38\;C:\Users\larry\AppData\Local\Microsoft\WindowsApps;D:\cygwin64\bin;C:\Users\larry\AppData\Roaming\npm;D:\Microsoft VS Code\bin;C:\Users\larry\AppData\Local\Microsoft\WindowsApps;C:\Users\larry\.dotnet\tools;.
13-Apr-2020 11:59:09.029 INFO [main] org.apache.coyote.AbstractProtocol.init Initializing ProtocolHandler ["http-nio-8080"]
13-Apr-2020 11:59:09.336 INFO [main] org.apache.tomcat.util.net.NioSelectorPool.getSharedSelector Using a shared selector for servlet write/read
13-Apr-2020 11:59:09.339 INFO [main] org.apache.coyote.AbstractProtocol.init Initializing ProtocolHandler ["ajp-nio-8009"]
13-Apr-2020 11:59:09.342 INFO [main] org.apache.tomcat.util.net.NioSelectorPool.getSharedSelector Using a shared selector for servlet write/read
13-Apr-2020 11:59:09.342 INFO [main] org.apache.catalina.startup.Catalina.load Initialization processed in 740 ms
13-Apr-2020 11:59:09.370 INFO [main] org.apache.catalina.core.StandardService.startInternal Starting service Catalina
13-Apr-2020 11:59:09.371 INFO [main] org.apache.catalina.core.StandardEngine.startInternal Starting Servlet Engine: Apache Tomcat/8.0.27
13-Apr-2020 11:59:09.394 INFO [localhost-startStop-1] org.apache.catalina.startup.HostConfig.deployWAR Deploying web application archive D:\PSUSP20\DnDWebServices\ServiceProject\Tomcat\webapps\diceRoller.war
13-Apr-2020 11:59:09.672 INFO [localhost-startStop-1] org.apache.catalina.startup.HostConfig.deployWAR Deployment of web application archive D:\PSUSP20\DnDWebServices\ServiceProject\Tomcat\webapps\diceRoller.war has finished in 277 ms
13-Apr-2020 11:59:09.673 INFO [localhost-startStop-1] org.apache.catalina.startup.HostConfig.deployDirectory Deploying web application directory D:\PSUSP20\DnDWebServices\ServiceProject\Tomcat\webapps\docs
13-Apr-2020 11:59:09.695 INFO [localhost-startStop-1] org.apache.catalina.startup.HostConfig.deployDirectory Deployment of web application directory D:\PSUSP20\DnDWebServices\ServiceProject\Tomcat\webapps\docs has finished in 22 ms
13-Apr-2020 11:59:09.696 INFO [localhost-startStop-1] org.apache.catalina.startup.HostConfig.deployDirectory Deploying web application directory D:\PSUSP20\DnDWebServices\ServiceProject\Tomcat\webapps\examples
13-Apr-2020 11:59:10.021 INFO [localhost-startStop-1] org.apache.catalina.startup.HostConfig.deployDirectory Deployment of web application directory D:\PSUSP20\DnDWebServices\ServiceProject\Tomcat\webapps\examples has finished in 324 ms
13-Apr-2020 11:59:10.021 INFO [localhost-startStop-1] org.apache.catalina.startup.HostConfig.deployDirectory Deploying web application directory D:\PSUSP20\DnDWebServices\ServiceProject\Tomcat\webapps\host-manager
13-Apr-2020 11:59:10.044 INFO [localhost-startStop-1] org.apache.catalina.startup.HostConfig.deployDirectory Deployment of web application directory D:\PSUSP20\DnDWebServices\ServiceProject\Tomcat\webapps\host-manager has finished in 23 ms
13-Apr-2020 11:59:10.045 INFO [localhost-startStop-1] org.apache.catalina.startup.HostConfig.deployDirectory Deploying web application directory D:\PSUSP20\DnDWebServices\ServiceProject\Tomcat\webapps\manager
13-Apr-2020 11:59:10.066 INFO [localhost-startStop-1] org.apache.catalina.startup.HostConfig.deployDirectory Deployment of web application directory D:\PSUSP20\DnDWebServices\ServiceProject\Tomcat\webapps\manager has finished in 21 ms
13-Apr-2020 11:59:10.067 INFO [localhost-startStop-1] org.apache.catalina.startup.HostConfig.deployDirectory Deploying web application directory D:\PSUSP20\DnDWebServices\ServiceProject\Tomcat\webapps\ROOT
13-Apr-2020 11:59:10.087 INFO [localhost-startStop-1] org.apache.catalina.startup.HostConfig.deployDirectory Deployment of web application directory D:\PSUSP20\DnDWebServices\ServiceProject\Tomcat\webapps\ROOT has finished in 20 ms
13-Apr-2020 11:59:10.093 INFO [main] org.apache.coyote.AbstractProtocol.start Starting ProtocolHandler ["http-nio-8080"]
13-Apr-2020 11:59:10.099 INFO [main] org.apache.coyote.AbstractProtocol.start Starting ProtocolHandler ["ajp-nio-8009"]
13-Apr-2020 11:59:10.101 INFO [main] org.apache.catalina.startup.Catalina.start Server startup in 757 ms
13-Apr-2020 12:23:21.047 INFO [main] org.apache.catalina.startup.VersionLoggerListener.log Server version:        Apache Tomcat/8.0.27
13-Apr-2020 12:23:21.048 INFO [main] org.apache.catalina.startup.VersionLoggerListener.log Server built:          Sep 28 2015 08:17:25 UTC
13-Apr-2020 12:23:21.048 INFO [main] org.apache.catalina.startup.VersionLoggerListener.log Server number:         8.0.27.0
13-Apr-2020 12:23:21.048 INFO [main] org.apache.catalina.startup.VersionLoggerListener.log OS Name:               Windows 10
13-Apr-2020 12:23:21.048 INFO [main] org.apache.catalina.startup.VersionLoggerListener.log OS Version:            10.0
13-Apr-2020 12:23:21.049 INFO [main] org.apache.catalina.startup.VersionLoggerListener.log Architecture:          amd64
13-Apr-2020 12:23:21.049 INFO [main] org.apache.catalina.startup.VersionLoggerListener.log Java Home:             C:\Program Files\Java\jdk1.8.0_241\jre
13-Apr-2020 12:23:21.049 INFO [main] org.apache.catalina.startup.VersionLoggerListener.log JVM Version:           1.8.0_241-b07
13-Apr-2020 12:23:21.049 INFO [main] org.apache.catalina.startup.VersionLoggerListener.log JVM Vendor:            Oracle Corporation
13-Apr-2020 12:23:21.049 INFO [main] org.apache.catalina.startup.VersionLoggerListener.log CATALINA_BASE:         D:\PSUSP20\DnDWebServices\ServiceProject\Tomcat
13-Apr-2020 12:23:21.049 INFO [main] org.apache.catalina.startup.VersionLoggerListener.log CATALINA_HOME:         D:\PSUSP20\DnDWebServices\ServiceProject\Tomcat
13-Apr-2020 12:23:21.049 INFO [main] org.apache.catalina.startup.VersionLoggerListener.log Command line argument: -Djava.util.logging.config.file=D:\PSUSP20\DnDWebServices\ServiceProject\Tomcat\conf\logging.properties
13-Apr-2020 12:23:21.050 INFO [main] org.apache.catalina.startup.VersionLoggerListener.log Command line argument: -Djava.util.logging.manager=org.apache.juli.ClassLoaderLogManager
13-Apr-2020 12:23:21.050 INFO [main] org.apache.catalina.startup.VersionLoggerListener.log Command line argument: -Djava.endorsed.dirs=D:\PSUSP20\DnDWebServices\ServiceProject\Tomcat\endorsed
13-Apr-2020 12:23:21.050 INFO [main] org.apache.catalina.startup.VersionLoggerListener.log Command line argument: -Dcatalina.base=D:\PSUSP20\DnDWebServices\ServiceProject\Tomcat
13-Apr-2020 12:23:21.050 INFO [main] org.apache.catalina.startup.VersionLoggerListener.log Command line argument: -Dcatalina.home=D:\PSUSP20\DnDWebServices\ServiceProject\Tomcat
13-Apr-2020 12:23:21.050 INFO [main] org.apache.catalina.startup.VersionLoggerListener.log Command line argument: -Djava.io.tmpdir=D:\PSUSP20\DnDWebServices\ServiceProject\Tomcat\temp
13-Apr-2020 12:23:21.051 INFO [main] org.apache.catalina.core.AprLifecycleListener.lifecycleEvent The APR based Apache Tomcat Native library which allows optimal performance in production environments was not found on the java.library.path: C:\Program Files\Java\jdk1.8.0_241\bin;C:\WINDOWS\Sun\Java\bin;C:\WINDOWS\system32;C:\WINDOWS;C:\Program Files (x86)\Common Files\Intel\Shared Libraries\redist\intel64\compiler;C:\Program Files (x86)\Intel\iCLS Client\;C:\Program Files\Intel\iCLS Client\;C:\windows\system32;C:\windows;C:\windows\System32\Wbem;C:\windows\System32\WindowsPowerShell\v1.0\;C:\Program Files (x86)\Intel\Intel(R) Management Engine Components\DAL;C:\Program Files\Intel\Intel(R) Management Engine Components\DAL;C:\Program Files (x86)\Intel\Intel(R) Management Engine Components\IPT;C:\Program Files\Intel\Intel(R) Management Engine Components\IPT;C:\WINDOWS\system32;C:\WINDOWS;C:\WINDOWS\System32\Wbem;C:\WINDOWS\System32\WindowsPowerShell\v1.0\;C:\Program Files\Microsoft SQL Server\Client SDK\ODBC\130\Tools\Binn\;C:\Program Files\dotnet\;C:\WINDOWS\System32\OpenSSH\;C:\Program Files (x86)\NVIDIA Corporation\PhysX\Common;C:\Program Files\NVIDIA Corporation\NVIDIA NvDLISR;D:\NodeJS\;C:\ProgramData\chocolatey\bin;C:\Program Files\Microsoft SQL Server\Client SDK\ODBC\170\Tools\Binn\;C:\WINDOWS\system32;C:\WINDOWS;C:\WINDOWS\System32\Wbem;C:\WINDOWS\System32\WindowsPowerShell\v1.0\;C:\WINDOWS\System32\OpenSSH\;C:\Program Files (x86)\Microsoft SQL Server\140\Tools\Binn\;C:\Program Files\Microsoft SQL Server\140\Tools\Binn\;C:\Program Files\Microsoft SQL Server\140\DTS\Binn\;C:\Program Files (x86)\Microsoft SQL Server\150\DTS\Binn\;C:\Program Files (x86)\Microsoft SQL Server Migration Assistant for Access\bin\;C:\Program Files\MySQL;C:\Program Files\MySQL\MySQL Shell 8.0\bin;C:\Program Files\MySQL\MySQL Server 8.0\bin;C:\Program Files\cmder_mini;D:\Git;C:\Program Files\Git\cmd;C:\Program Files\Notepad++;C:\Program Files\Microsoft SQL Server\130\Tools\Binn\;C:\Program Files\Java\jdk1.8.0_241\bin;C:\Program Files\SeleniumChromeDriver;C:\Program Files (x86)\dotnet\;C:\Program Files\MySQL\MySQL Shell 8.0\bin\;C:\Users\larry\AppData\Local\Programs\Python\Python38\Scripts\;C:\Users\larry\AppData\Local\Programs\Python\Python38\;C:\Users\larry\AppData\Local\Microsoft\WindowsApps;D:\cygwin64\bin;C:\Users\larry\AppData\Roaming\npm;D:\Microsoft VS Code\bin;C:\Users\larry\AppData\Local\Microsoft\WindowsApps;C:\Users\larry\.dotnet\tools;.
13-Apr-2020 12:23:21.157 INFO [main] org.apache.coyote.AbstractProtocol.init Initializing ProtocolHandler ["http-nio-8080"]
13-Apr-2020 12:23:21.471 INFO [main] org.apache.tomcat.util.net.NioSelectorPool.getSharedSelector Using a shared selector for servlet write/read
13-Apr-2020 12:23:21.474 INFO [main] org.apache.coyote.AbstractProtocol.init Initializing ProtocolHandler ["ajp-nio-8009"]
13-Apr-2020 12:23:21.476 INFO [main] org.apache.tomcat.util.net.NioSelectorPool.getSharedSelector Using a shared selector for servlet write/read
13-Apr-2020 12:23:21.476 INFO [main] org.apache.catalina.startup.Catalina.load Initialization processed in 980 ms
13-Apr-2020 12:23:21.525 INFO [main] org.apache.catalina.core.StandardService.startInternal Starting service Catalina
13-Apr-2020 12:23:21.525 INFO [main] org.apache.catalina.core.StandardEngine.startInternal Starting Servlet Engine: Apache Tomcat/8.0.27
13-Apr-2020 12:23:21.550 INFO [localhost-startStop-1] org.apache.catalina.startup.HostConfig.deployWAR Deploying web application archive D:\PSUSP20\DnDWebServices\ServiceProject\Tomcat\webapps\diceRoller.war
13-Apr-2020 12:23:21.811 INFO [localhost-startStop-1] org.apache.catalina.startup.HostConfig.deployWAR Deployment of web application archive D:\PSUSP20\DnDWebServices\ServiceProject\Tomcat\webapps\diceRoller.war has finished in 260 ms
13-Apr-2020 12:23:21.813 INFO [localhost-startStop-1] org.apache.catalina.startup.HostConfig.deployDirectory Deploying web application directory D:\PSUSP20\DnDWebServices\ServiceProject\Tomcat\webapps\docs
13-Apr-2020 12:23:21.852 INFO [localhost-startStop-1] org.apache.catalina.startup.HostConfig.deployDirectory Deployment of web application directory D:\PSUSP20\DnDWebServices\ServiceProject\Tomcat\webapps\docs has finished in 39 ms
13-Apr-2020 12:23:21.853 INFO [localhost-startStop-1] org.apache.catalina.startup.HostConfig.deployDirectory Deploying web application directory D:\PSUSP20\DnDWebServices\ServiceProject\Tomcat\webapps\examples
13-Apr-2020 12:23:22.181 INFO [localhost-startStop-1] org.apache.catalina.startup.HostConfig.deployDirectory Deployment of web application directory D:\PSUSP20\DnDWebServices\ServiceProject\Tomcat\webapps\examples has finished in 328 ms
13-Apr-2020 12:23:22.181 INFO [localhost-startStop-1] org.apache.catalina.startup.HostConfig.deployDirectory Deploying web application directory D:\PSUSP20\DnDWebServices\ServiceProject\Tomcat\webapps\host-manager
13-Apr-2020 12:23:22.204 INFO [localhost-startStop-1] org.apache.catalina.startup.HostConfig.deployDirectory Deployment of web application directory D:\PSUSP20\DnDWebServices\ServiceProject\Tomcat\webapps\host-manager has finished in 23 ms
13-Apr-2020 12:23:22.205 INFO [localhost-startStop-1] org.apache.catalina.startup.HostConfig.deployDirectory Deploying web application directory D:\PSUSP20\DnDWebServices\ServiceProject\Tomcat\webapps\manager
13-Apr-2020 12:23:22.226 INFO [localhost-startStop-1] org.apache.catalina.startup.HostConfig.deployDirectory Deployment of web application directory D:\PSUSP20\DnDWebServices\ServiceProject\Tomcat\webapps\manager has finished in 21 ms
13-Apr-2020 12:23:22.227 INFO [localhost-startStop-1] org.apache.catalina.startup.HostConfig.deployDirectory Deploying web application directory D:\PSUSP20\DnDWebServices\ServiceProject\Tomcat\webapps\ROOT
13-Apr-2020 12:23:22.248 INFO [localhost-startStop-1] org.apache.catalina.startup.HostConfig.deployDirectory Deployment of web application directory D:\PSUSP20\DnDWebServices\ServiceProject\Tomcat\webapps\ROOT has finished in 21 ms
13-Apr-2020 12:23:22.252 INFO [main] org.apache.coyote.AbstractProtocol.start Starting ProtocolHandler ["http-nio-8080"]
13-Apr-2020 12:23:22.261 INFO [main] org.apache.coyote.AbstractProtocol.start Starting ProtocolHandler ["ajp-nio-8009"]
13-Apr-2020 12:23:22.263 INFO [main] org.apache.catalina.startup.Catalina.start Server startup in 785 ms
13-Apr-2020 12:23:35.348 INFO [Thread-5] org.apache.coyote.AbstractProtocol.pause Pausing ProtocolHandler ["http-nio-8080"]
13-Apr-2020 12:23:35.402 INFO [Thread-5] org.apache.coyote.AbstractProtocol.pause Pausing ProtocolHandler ["ajp-nio-8009"]
13-Apr-2020 12:23:35.454 INFO [Thread-5] org.apache.catalina.core.StandardService.stopInternal Stopping service Catalina
13-Apr-2020 12:23:35.477 INFO [Thread-5] org.apache.coyote.AbstractProtocol.stop Stopping ProtocolHandler ["http-nio-8080"]
13-Apr-2020 12:23:35.478 INFO [Thread-5] org.apache.coyote.AbstractProtocol.stop Stopping ProtocolHandler ["ajp-nio-8009"]
13-Apr-2020 12:23:35.481 INFO [Thread-5] org.apache.coyote.AbstractProtocol.destroy Destroying ProtocolHandler ["http-nio-8080"]
13-Apr-2020 12:23:35.483 INFO [Thread-5] org.apache.coyote.AbstractProtocol.destroy Destroying ProtocolHandler ["ajp-nio-8009"]
